<?xml version="1.0" encoding="UTF-8"?>
<!-- Generated by org.testng.reporters.JUnitReportReporter -->
<testsuite skipped="0" hostname="DESKTOP-U21IBB6" name="AppiumFull.Appium.e_commerce_endtoend" tests="2" failures="0" timestamp="29 Aug 2020 22:15:40 GMT" time="120.594" errors="0">
  <testcase name="ecommmmmm" time="58.617" classname="AppiumFull.Appium.e_commerce_endtoend"/>
  <testcase name="ecommmmmm" time="61.977" classname="AppiumFull.Appium.e_commerce_endtoend"/>
</testsuite> <!-- AppiumFull.Appium.e_commerce_endtoend -->
