<?xml version="1.0" encoding="UTF-8"?>
<!-- Generated by org.testng.reporters.JUnitReportReporter -->
<testsuite skipped="0" hostname="DESKTOP-U21IBB6" name="AppiumFull.Appium.appiumlocators" tests="1" failures="0" timestamp="29 Aug 2020 22:15:40 GMT" time="33.161" errors="0">
  <testcase name="locator" time="33.161" classname="AppiumFull.Appium.appiumlocators"/>
</testsuite> <!-- AppiumFull.Appium.appiumlocators -->
